build/app/intermediates/manifest_merge_blame_file/debug/manifest-merger-blame-debug-report.txt
1<?xml version="1.0" encoding="utf-8"?>
2<manifest xmlns:android="http://schemas.android.com/apk/res/android"
3    package="com.example.fursaapp"
4    android:versionCode="1"
5    android:versionName="1.0" >
6
7    <uses-sdk
8        android:minSdkVersion="19"
9        android:targetSdkVersion="33" />
10    <!--
11         The INTERNET permission is required for development. Specifically,
12         the Flutter tool needs it to communicate with the running application
13         to allow setting breakpoints, to provide hot reload, etc.
14    -->
15    <uses-permission android:name="android.permission.INTERNET" />
15-->src/main/AndroidManifest.xml:2:5-67
15-->src/main/AndroidManifest.xml:2:22-64
16    <uses-permission android:name="android.permission.ACCESS_FINE_LOCATION" />
16-->src/main/AndroidManifest.xml:3:5-79
16-->src/main/AndroidManifest.xml:3:22-76
17    <uses-permission android:name="android.permission.ACCESS_COARSE_LOCATION" />
17-->src/main/AndroidManifest.xml:4:5-81
17-->src/main/AndroidManifest.xml:4:22-78
18    <uses-permission android:name="android.permission.READ_EXTERNAL_STORAGE" />
18-->src/main/AndroidManifest.xml:5:5-80
18-->src/main/AndroidManifest.xml:5:22-77
19    <uses-permission android:name="android.permission.WRITE_EXTERNAL_STORAGE" />
19-->src/main/AndroidManifest.xml:6:5-81
19-->src/main/AndroidManifest.xml:6:22-78
20
21    <queries>
21-->[:file_picker] AndroidManifest.xml:11:5-17:15
22        <intent>
22-->[:file_picker] AndroidManifest.xml:12:9-16:18
23            <action android:name="android.intent.action.GET_CONTENT" />
23-->[:file_picker] AndroidManifest.xml:13:13-72
23-->[:file_picker] AndroidManifest.xml:13:21-69
24
25            <data android:mimeType="*/*" />
25-->[:file_picker] AndroidManifest.xml:15:13-44
25-->[:file_picker] AndroidManifest.xml:15:19-41
26        </intent>
27    </queries>
28
29    <uses-permission android:name="android.permission.FOREGROUND_SERVICE" />
29-->[:geolocator_android] AndroidManifest.xml:9:5-77
29-->[:geolocator_android] AndroidManifest.xml:9:22-74
30    <uses-permission android:name="android.permission.RECEIVE_BOOT_COMPLETED" />
30-->[:flutter_local_notifications] AndroidManifest.xml:9:5-81
30-->[:flutter_local_notifications] AndroidManifest.xml:9:22-78
31    <uses-permission android:name="android.permission.VIBRATE" />
31-->[:flutter_local_notifications] AndroidManifest.xml:10:5-66
31-->[:flutter_local_notifications] AndroidManifest.xml:10:22-63
32    <uses-permission android:name="android.permission.USE_FULL_SCREEN_INTENT" />
32-->[:flutter_local_notifications] AndroidManifest.xml:11:5-81
32-->[:flutter_local_notifications] AndroidManifest.xml:11:22-78
33    <uses-permission android:name="android.permission.SCHEDULE_EXACT_ALARM" />
33-->[:flutter_local_notifications] AndroidManifest.xml:12:5-79
33-->[:flutter_local_notifications] AndroidManifest.xml:12:22-76
34    <uses-permission android:name="android.permission.POST_NOTIFICATIONS" />
34-->[:flutter_local_notifications] AndroidManifest.xml:13:5-77
34-->[:flutter_local_notifications] AndroidManifest.xml:13:22-74
35
36    <permission
36-->[androidx.core:core:1.9.0] AndroidManifest.xml:22:5-24:47
37        android:name="com.example.fursaapp.DYNAMIC_RECEIVER_NOT_EXPORTED_PERMISSION"
37-->[androidx.core:core:1.9.0] AndroidManifest.xml:23:9-81
38        android:protectionLevel="signature" />
38-->[androidx.core:core:1.9.0] AndroidManifest.xml:24:9-44
39
40    <uses-permission android:name="com.example.fursaapp.DYNAMIC_RECEIVER_NOT_EXPORTED_PERMISSION" />
40-->[androidx.core:core:1.9.0] AndroidManifest.xml:26:5-97
40-->[androidx.core:core:1.9.0] AndroidManifest.xml:26:22-94
41
42    <application
43        android:name="android.app.Application"
44        android:appComponentFactory="androidx.core.app.CoreComponentFactory"
44-->[androidx.core:core:1.9.0] AndroidManifest.xml:28:18-86
45        android:debuggable="true"
46        android:icon="@mipmap/ic_launcher"
47        android:label="Fursa"
48        android:testOnly="true" >
49        <activity
50            android:name="com.example.fursaapp.MainActivity"
51            android:configChanges="orientation|keyboardHidden|keyboard|screenSize|smallestScreenSize|locale|layoutDirection|fontScale|screenLayout|density|uiMode"
52            android:exported="true"
53            android:hardwareAccelerated="true"
54            android:launchMode="singleTop"
55            android:theme="@style/LaunchTheme"
56            android:windowSoftInputMode="adjustResize" >
57
58            <!--
59                 Specifies an Android theme to apply to this Activity as soon as
60                 the Android process has started. This theme is visible to the user
61                 while the Flutter UI initializes. After that, this theme continues
62                 to determine the Window background behind the Flutter UI.
63            -->
64            <meta-data
65                android:name="io.flutter.embedding.android.NormalTheme"
66                android:resource="@style/NormalTheme" />
67
68            <intent-filter>
69                <action android:name="android.intent.action.MAIN" />
70
71                <category android:name="android.intent.category.LAUNCHER" />
72            </intent-filter>
73        </activity>
74        <!--
75             Don't delete the meta-data below.
76             This is used by the Flutter tool to generate GeneratedPluginRegistrant.java
77        -->
78        <meta-data
79            android:name="flutterEmbedding"
80            android:value="2" />
81
82        <provider
82-->[:esys_flutter_share_plus] AndroidManifest.xml:10:9-18:20
83            android:name="de.esys.esysfluttershare.EsysFlutterShareFileProvider"
83-->[:esys_flutter_share_plus] AndroidManifest.xml:11:13-81
84            android:authorities="com.example.fursaapp.fileprovider.github.com/orgs/esysberlin/esys-flutter-share"
84-->[:esys_flutter_share_plus] AndroidManifest.xml:12:13-110
85            android:exported="false"
85-->[:esys_flutter_share_plus] AndroidManifest.xml:13:13-37
86            android:grantUriPermissions="true" >
86-->[:esys_flutter_share_plus] AndroidManifest.xml:14:13-47
87            <meta-data
87-->[:esys_flutter_share_plus] AndroidManifest.xml:15:13-17:72
88                android:name="android.support.FILE_PROVIDER_PATHS"
88-->[:esys_flutter_share_plus] AndroidManifest.xml:16:17-67
89                android:resource="@xml/esys_flutter_share_filepaths" />
89-->[:esys_flutter_share_plus] AndroidManifest.xml:17:17-69
90        </provider>
91
92        <service
92-->[:geolocator_android] AndroidManifest.xml:12:9-16:56
93            android:name="com.baseflow.geolocator.GeolocatorLocationService"
93-->[:geolocator_android] AndroidManifest.xml:13:13-77
94            android:enabled="true"
94-->[:geolocator_android] AndroidManifest.xml:14:13-35
95            android:exported="false"
95-->[:geolocator_android] AndroidManifest.xml:15:13-37
96            android:foregroundServiceType="location" />
96-->[:geolocator_android] AndroidManifest.xml:16:13-53
97
98        <receiver
98-->[:flutter_local_notifications] AndroidManifest.xml:16:9-18:40
99            android:name="com.dexterous.flutterlocalnotifications.ActionBroadcastReceiver"
99-->[:flutter_local_notifications] AndroidManifest.xml:17:13-91
100            android:exported="false" />
100-->[:flutter_local_notifications] AndroidManifest.xml:18:13-37
101        <receiver
101-->[:flutter_local_notifications] AndroidManifest.xml:19:9-21:40
102            android:name="com.dexterous.flutterlocalnotifications.ScheduledNotificationReceiver"
102-->[:flutter_local_notifications] AndroidManifest.xml:20:13-97
103            android:exported="false" />
103-->[:flutter_local_notifications] AndroidManifest.xml:21:13-37
104        <receiver
104-->[:flutter_local_notifications] AndroidManifest.xml:22:9-31:20
105            android:name="com.dexterous.flutterlocalnotifications.ScheduledNotificationBootReceiver"
105-->[:flutter_local_notifications] AndroidManifest.xml:23:13-101
106            android:exported="false" >
106-->[:flutter_local_notifications] AndroidManifest.xml:24:13-37
107            <intent-filter>
107-->[:flutter_local_notifications] AndroidManifest.xml:25:13-30:29
108                <action android:name="android.intent.action.BOOT_COMPLETED" />
108-->[:flutter_local_notifications] AndroidManifest.xml:26:17-79
108-->[:flutter_local_notifications] AndroidManifest.xml:26:25-76
109                <action android:name="android.intent.action.MY_PACKAGE_REPLACED" />
109-->[:flutter_local_notifications] AndroidManifest.xml:27:17-84
109-->[:flutter_local_notifications] AndroidManifest.xml:27:25-81
110                <action android:name="android.intent.action.QUICKBOOT_POWERON" />
110-->[:flutter_local_notifications] AndroidManifest.xml:28:17-82
110-->[:flutter_local_notifications] AndroidManifest.xml:28:25-79
111                <action android:name="com.htc.intent.action.QUICKBOOT_POWERON" />
111-->[:flutter_local_notifications] AndroidManifest.xml:29:17-82
111-->[:flutter_local_notifications] AndroidManifest.xml:29:25-79
112            </intent-filter>
113        </receiver>
114
115        <uses-library
115-->[androidx.window:window:1.0.0-beta04] AndroidManifest.xml:25:9-27:40
116            android:name="androidx.window.extensions"
116-->[androidx.window:window:1.0.0-beta04] AndroidManifest.xml:26:13-54
117            android:required="false" />
117-->[androidx.window:window:1.0.0-beta04] AndroidManifest.xml:27:13-37
118        <uses-library
118-->[androidx.window:window:1.0.0-beta04] AndroidManifest.xml:28:9-30:40
119            android:name="androidx.window.sidecar"
119-->[androidx.window:window:1.0.0-beta04] AndroidManifest.xml:29:13-51
120            android:required="false" />
120-->[androidx.window:window:1.0.0-beta04] AndroidManifest.xml:30:13-37
121
122        <activity
122-->[com.google.android.gms:play-services-base:18.1.0] AndroidManifest.xml:20:9-22:45
123            android:name="com.google.android.gms.common.api.GoogleApiActivity"
123-->[com.google.android.gms:play-services-base:18.1.0] AndroidManifest.xml:20:19-85
124            android:exported="false"
124-->[com.google.android.gms:play-services-base:18.1.0] AndroidManifest.xml:22:19-43
125            android:theme="@android:style/Theme.Translucent.NoTitleBar" />
125-->[com.google.android.gms:play-services-base:18.1.0] AndroidManifest.xml:21:19-78
126
127        <meta-data
127-->[com.google.android.gms:play-services-basement:18.1.0] AndroidManifest.xml:21:9-23:69
128            android:name="com.google.android.gms.version"
128-->[com.google.android.gms:play-services-basement:18.1.0] AndroidManifest.xml:22:13-58
129            android:value="@integer/google_play_services_version" />
129-->[com.google.android.gms:play-services-basement:18.1.0] AndroidManifest.xml:23:13-66
130    </application>
131
132</manifest>